mode: set
github.com/andreglatz/pubsub/uuid/v4.go:8.21,17.2 4 1
github.com/andreglatz/pubsub/pubsub/boker.go:18.47,23.2 1 1
github.com/andreglatz/pubsub/pubsub/boker.go:25.59,31.40 4 1
github.com/andreglatz/pubsub/pubsub/boker.go:31.40,33.3 1 1
github.com/andreglatz/pubsub/pubsub/boker.go:35.2,37.12 2 1
github.com/andreglatz/pubsub/pubsub/boker.go:40.52,45.2 3 1
github.com/andreglatz/pubsub/pubsub/boker.go:47.54,51.43 3 1
github.com/andreglatz/pubsub/pubsub/boker.go:51.43,54.3 2 1
github.com/andreglatz/pubsub/pubsub/boker.go:57.58,62.16 4 1
github.com/andreglatz/pubsub/pubsub/boker.go:62.16,63.13 1 0
github.com/andreglatz/pubsub/pubsub/boker.go:65.2,70.46 4 1
github.com/andreglatz/pubsub/pubsub/boker.go:70.46,71.13 1 0
github.com/andreglatz/pubsub/pubsub/message.go:7.43,11.2 1 1
github.com/andreglatz/pubsub/pubsub/subscriber.go:13.54,19.2 1 1
github.com/andreglatz/pubsub/pubsub/subscriber.go:21.64,22.12 1 1
github.com/andreglatz/pubsub/pubsub/subscriber.go:22.12,23.30 1 1
github.com/andreglatz/pubsub/pubsub/subscriber.go:23.30,25.4 1 1
