mode: set
github.com/andreglatz/pubsub/uuid/v4.go:8.21,17.2 4 1
github.com/andreglatz/pubsub/pubsub/boker.go:12.36,16.2 1 1
github.com/andreglatz/pubsub/pubsub/boker.go:18.59,24.40 4 1
github.com/andreglatz/pubsub/pubsub/boker.go:24.40,26.3 1 1
github.com/andreglatz/pubsub/pubsub/boker.go:28.2,30.12 2 1
github.com/andreglatz/pubsub/pubsub/boker.go:33.52,38.2 3 1
github.com/andreglatz/pubsub/pubsub/boker.go:40.54,44.43 3 1
github.com/andreglatz/pubsub/pubsub/boker.go:44.43,46.3 1 1
github.com/andreglatz/pubsub/pubsub/message.go:7.43,11.2 1 1
github.com/andreglatz/pubsub/pubsub/subscriber.go:11.54,17.2 1 1
github.com/andreglatz/pubsub/pubsub/subscriber.go:19.64,20.12 1 1
github.com/andreglatz/pubsub/pubsub/subscriber.go:20.12,21.30 1 1
github.com/andreglatz/pubsub/pubsub/subscriber.go:21.30,23.4 1 1
